<?xml version="1.0" encoding="UTF-8"?>
<!-- Generated by org.testng.reporters.JUnitXMLReporter -->
<testsuite hostname="DESKTOP-1AU25CC" ignored="0" name="Test" tests="4" failures="0" timestamp="27 Apr 2024 14:55:33 GMT" time="9.526" errors="0">
  <testcase name="test_createUser" time="6.119" classname="day8.CreateUser"/>
  <testcase name="test_getuser" time="1.361" classname="day8.GetUser"/>
  <testcase name="test_updateUser" time="1.121" classname="day8.UpdateUser"/>
  <testcase name="test_deletUser" time="0.806" classname="day8.DeleteUser"/>
</testsuite> <!-- Test -->
